<?xml version="1.0" encoding="UTF-8"?>
<!-- Generated by org.testng.reporters.JUnitXMLReporter -->
<testsuite ignored="0" hostname="chandrasheker" failures="0" tests="4" name="Test" time="15.179" errors="0" timestamp="2024-11-16T00:06:13 IST">
  <testcase classname="google.GoogleTest" name="Google_Test1" time="1.624"/>
  <testcase classname="google.GoogleTest" name="Google_Test2" time="0.001"/>
  <testcase classname="yahoomail.YahooTest" name="Yahoo_Test1" time="1.89"/>
  <testcase classname="yahoomail.YahooTest" name="Yahoo_Test2" time="0.002"/>
</testsuite> <!-- Test -->
