<?xml version="1.0" encoding="UTF-8"?>
<testng-results ignored="0" total="4" passed="4" failed="0" skipped="0">
  <reporter-output>
  </reporter-output>
  <suite started-at="2024-11-16T00:05:58 IST" name="Suite" finished-at="2024-11-16T00:06:13 IST" duration-ms="15179">
    <groups>
    </groups>
    <test started-at="2024-11-16T00:05:58 IST" name="Test" finished-at="2024-11-16T00:06:13 IST" duration-ms="15179">
      <class name="google.GoogleTest">
        <test-method is-config="true" signature="init()[pri:0, instance:google.GoogleTest@8458f04]" started-at="2024-11-16T00:05:58 IST" name="init" finished-at="2024-11-16T00:06:03 IST" duration-ms="5146" status="PASS">
          <reporter-output>
          </reporter-output>
        </test-method> <!-- init -->
        <test-method signature="Google_Test1()[pri:0, instance:google.GoogleTest@8458f04]" started-at="2024-11-16T00:06:03 IST" name="Google_Test1" finished-at="2024-11-16T00:06:05 IST" duration-ms="1624" status="PASS">
          <reporter-output>
          </reporter-output>
        </test-method> <!-- Google_Test1 -->
        <test-method signature="Google_Test2()[pri:0, instance:google.GoogleTest@8458f04]" started-at="2024-11-16T00:06:05 IST" name="Google_Test2" finished-at="2024-11-16T00:06:05 IST" duration-ms="1" status="PASS">
          <reporter-output>
          </reporter-output>
        </test-method> <!-- Google_Test2 -->
        <test-method is-config="true" signature="tearDown()[pri:0, instance:google.GoogleTest@8458f04]" started-at="2024-11-16T00:06:05 IST" name="tearDown" finished-at="2024-11-16T00:06:07 IST" duration-ms="1519" status="PASS">
          <reporter-output>
          </reporter-output>
        </test-method> <!-- tearDown -->
      </class> <!-- google.GoogleTest -->
      <class name="yahoomail.YahooTest">
        <test-method is-config="true" signature="init()[pri:0, instance:yahoomail.YahooTest@6caf0677]" started-at="2024-11-16T00:06:07 IST" name="init" finished-at="2024-11-16T00:06:10 IST" duration-ms="3722" status="PASS">
          <reporter-output>
          </reporter-output>
        </test-method> <!-- init -->
        <test-method signature="Yahoo_Test1()[pri:0, instance:yahoomail.YahooTest@6caf0677]" started-at="2024-11-16T00:06:10 IST" name="Yahoo_Test1" finished-at="2024-11-16T00:06:12 IST" duration-ms="1890" status="PASS">
          <reporter-output>
          </reporter-output>
        </test-method> <!-- Yahoo_Test1 -->
        <test-method signature="Yahoo_Test2()[pri:0, instance:yahoomail.YahooTest@6caf0677]" started-at="2024-11-16T00:06:12 IST" name="Yahoo_Test2" finished-at="2024-11-16T00:06:12 IST" duration-ms="2" status="PASS">
          <reporter-output>
          </reporter-output>
        </test-method> <!-- Yahoo_Test2 -->
        <test-method is-config="true" signature="tearDown()[pri:0, instance:yahoomail.YahooTest@6caf0677]" started-at="2024-11-16T00:06:12 IST" name="tearDown" finished-at="2024-11-16T00:06:13 IST" duration-ms="1221" status="PASS">
          <reporter-output>
          </reporter-output>
        </test-method> <!-- tearDown -->
      </class> <!-- yahoomail.YahooTest -->
    </test> <!-- Test -->
  </suite> <!-- Suite -->
</testng-results>
